[2019-07-28 12:02:24.963] [renderer3] [error] Error: [File Watcher (node.js)] Error: ENOENT: no such file or directory, stat '/Users/hafidmukhlasin/Dev/vue-projects/vueshop/.vscode'
[2019-07-28 12:02:24.964] [renderer3] [error] [File Watcher (node.js)] Error: ENOENT: no such file or directory, stat '/Users/hafidmukhlasin/Dev/vue-projects/vueshop/.vscode'
[2019-07-29 02:35:53.892] [renderer3] [error] name must not be falsy: Error: name must not be falsy
	at Function.validate (/Applications/Visual Studio Code 2.app/Contents/Resources/app/out/vs/workbench/services/extensions/node/extensionHostProcess.js:346:965)
	at new C (/Applications/Visual Studio Code 2.app/Contents/Resources/app/out/vs/workbench/services/extensions/node/extensionHostProcess.js:346:914)
	at new C (/Applications/Visual Studio Code 2.app/Contents/Resources/app/out/vs/workbench/services/extensions/node/extensionHostProcess.js:335:813)
	at asSymbolInformation (/Users/hafidmukhlasin/.vscode/extensions/octref.vetur-0.21.1/node_modules/vscode-languageclient/lib/protocolConverter.js:411:22)
	at values.map.information (/Users/hafidmukhlasin/.vscode/extensions/octref.vetur-0.21.1/node_modules/vscode-languageclient/lib/protocolConverter.js:400:42)
	at Array.map (<anonymous>)
	at Object.asSymbolInformations (/Users/hafidmukhlasin/.vscode/extensions/octref.vetur-0.21.1/node_modules/vscode-languageclient/lib/protocolConverter.js:400:23)
	at registerLanguageProvider.client.sendRequest.then (/Users/hafidmukhlasin/.vscode/extensions/octref.vetur-0.21.1/node_modules/vscode-languageclient/lib/client.js:1005:62)
[2019-07-29 02:59:02.037] [renderer3] [error] name must not be falsy: Error: name must not be falsy
	at Function.validate (/Applications/Visual Studio Code 2.app/Contents/Resources/app/out/vs/workbench/services/extensions/node/extensionHostProcess.js:346:965)
	at new C (/Applications/Visual Studio Code 2.app/Contents/Resources/app/out/vs/workbench/services/extensions/node/extensionHostProcess.js:346:914)
	at new C (/Applications/Visual Studio Code 2.app/Contents/Resources/app/out/vs/workbench/services/extensions/node/extensionHostProcess.js:335:813)
	at asSymbolInformation (/Users/hafidmukhlasin/.vscode/extensions/octref.vetur-0.21.1/node_modules/vscode-languageclient/lib/protocolConverter.js:411:22)
	at values.map.information (/Users/hafidmukhlasin/.vscode/extensions/octref.vetur-0.21.1/node_modules/vscode-languageclient/lib/protocolConverter.js:400:42)
	at Array.map (<anonymous>)
	at Object.asSymbolInformations (/Users/hafidmukhlasin/.vscode/extensions/octref.vetur-0.21.1/node_modules/vscode-languageclient/lib/protocolConverter.js:400:23)
	at registerLanguageProvider.client.sendRequest.then (/Users/hafidmukhlasin/.vscode/extensions/octref.vetur-0.21.1/node_modules/vscode-languageclient/lib/client.js:1005:62)
[2019-07-29 03:40:01.273] [renderer3] [error] name must not be falsy: Error: name must not be falsy
	at Function.validate (/Applications/Visual Studio Code 2.app/Contents/Resources/app/out/vs/workbench/services/extensions/node/extensionHostProcess.js:346:965)
	at new C (/Applications/Visual Studio Code 2.app/Contents/Resources/app/out/vs/workbench/services/extensions/node/extensionHostProcess.js:346:914)
	at new C (/Applications/Visual Studio Code 2.app/Contents/Resources/app/out/vs/workbench/services/extensions/node/extensionHostProcess.js:335:813)
	at asSymbolInformation (/Users/hafidmukhlasin/.vscode/extensions/octref.vetur-0.21.1/node_modules/vscode-languageclient/lib/protocolConverter.js:411:22)
	at values.map.information (/Users/hafidmukhlasin/.vscode/extensions/octref.vetur-0.21.1/node_modules/vscode-languageclient/lib/protocolConverter.js:400:42)
	at Array.map (<anonymous>)
	at Object.asSymbolInformations (/Users/hafidmukhlasin/.vscode/extensions/octref.vetur-0.21.1/node_modules/vscode-languageclient/lib/protocolConverter.js:400:23)
	at registerLanguageProvider.client.sendRequest.then (/Users/hafidmukhlasin/.vscode/extensions/octref.vetur-0.21.1/node_modules/vscode-languageclient/lib/client.js:1005:62)
[2019-07-29 04:03:06.685] [renderer3] [error] name must not be falsy: Error: name must not be falsy
	at Function.validate (/Applications/Visual Studio Code 2.app/Contents/Resources/app/out/vs/workbench/services/extensions/node/extensionHostProcess.js:346:965)
	at new C (/Applications/Visual Studio Code 2.app/Contents/Resources/app/out/vs/workbench/services/extensions/node/extensionHostProcess.js:346:914)
	at new C (/Applications/Visual Studio Code 2.app/Contents/Resources/app/out/vs/workbench/services/extensions/node/extensionHostProcess.js:335:813)
	at asSymbolInformation (/Users/hafidmukhlasin/.vscode/extensions/octref.vetur-0.21.1/node_modules/vscode-languageclient/lib/protocolConverter.js:411:22)
	at values.map.information (/Users/hafidmukhlasin/.vscode/extensions/octref.vetur-0.21.1/node_modules/vscode-languageclient/lib/protocolConverter.js:400:42)
	at Array.map (<anonymous>)
	at Object.asSymbolInformations (/Users/hafidmukhlasin/.vscode/extensions/octref.vetur-0.21.1/node_modules/vscode-languageclient/lib/protocolConverter.js:400:23)
	at registerLanguageProvider.client.sendRequest.then (/Users/hafidmukhlasin/.vscode/extensions/octref.vetur-0.21.1/node_modules/vscode-languageclient/lib/client.js:1005:62)
[2019-07-29 04:03:07.689] [renderer3] [error] name must not be falsy: Error: name must not be falsy
	at Function.validate (/Applications/Visual Studio Code 2.app/Contents/Resources/app/out/vs/workbench/services/extensions/node/extensionHostProcess.js:346:965)
	at new C (/Applications/Visual Studio Code 2.app/Contents/Resources/app/out/vs/workbench/services/extensions/node/extensionHostProcess.js:346:914)
	at new C (/Applications/Visual Studio Code 2.app/Contents/Resources/app/out/vs/workbench/services/extensions/node/extensionHostProcess.js:335:813)
	at asSymbolInformation (/Users/hafidmukhlasin/.vscode/extensions/octref.vetur-0.21.1/node_modules/vscode-languageclient/lib/protocolConverter.js:411:22)
	at values.map.information (/Users/hafidmukhlasin/.vscode/extensions/octref.vetur-0.21.1/node_modules/vscode-languageclient/lib/protocolConverter.js:400:42)
	at Array.map (<anonymous>)
	at Object.asSymbolInformations (/Users/hafidmukhlasin/.vscode/extensions/octref.vetur-0.21.1/node_modules/vscode-languageclient/lib/protocolConverter.js:400:23)
	at registerLanguageProvider.client.sendRequest.then (/Users/hafidmukhlasin/.vscode/extensions/octref.vetur-0.21.1/node_modules/vscode-languageclient/lib/client.js:1005:62)
[2019-07-29 04:04:00.686] [renderer3] [error] name must not be falsy: Error: name must not be falsy
	at Function.validate (/Applications/Visual Studio Code 2.app/Contents/Resources/app/out/vs/workbench/services/extensions/node/extensionHostProcess.js:346:965)
	at new C (/Applications/Visual Studio Code 2.app/Contents/Resources/app/out/vs/workbench/services/extensions/node/extensionHostProcess.js:346:914)
	at new C (/Applications/Visual Studio Code 2.app/Contents/Resources/app/out/vs/workbench/services/extensions/node/extensionHostProcess.js:335:813)
	at asSymbolInformation (/Users/hafidmukhlasin/.vscode/extensions/octref.vetur-0.21.1/node_modules/vscode-languageclient/lib/protocolConverter.js:411:22)
	at values.map.information (/Users/hafidmukhlasin/.vscode/extensions/octref.vetur-0.21.1/node_modules/vscode-languageclient/lib/protocolConverter.js:400:42)
	at Array.map (<anonymous>)
	at Object.asSymbolInformations (/Users/hafidmukhlasin/.vscode/extensions/octref.vetur-0.21.1/node_modules/vscode-languageclient/lib/protocolConverter.js:400:23)
	at registerLanguageProvider.client.sendRequest.then (/Users/hafidmukhlasin/.vscode/extensions/octref.vetur-0.21.1/node_modules/vscode-languageclient/lib/client.js:1005:62)
